[:01000001] [116-5-16 13-23-43]LAUNCH catlogger catu
[:01000002] [116-5-16 13-23-43]LAUNCH snlua bootstrap
[:01000003] [116-5-16 13-23-43]LAUNCH snlua launcher
[:01000004] [116-5-16 13-23-43]LAUNCH snlua cmaster
[:01000004] [116-5-16 13-23-43]master listen socket 0.0.0.0:2013
[:01000004] [116-5-16 13-23-43]init service failed: ./lualib/socket.lua:362: Listen error
stack traceback:
	[C]: in function 'socketdriver.listen'
	./lualib/socket.lua:362: in function 'socket.listen'
	./service/cmaster.lua:113: in local 'start'
	./lualib/skynet.lua:611: in function <./lualib/skynet.lua:608>
	[C]: in function 'xpcall'
	./lualib/skynet.lua:615: in function 'skynet.pcall'
	./lualib/skynet.lua:619: in function 'skynet.init_service'
	./lualib/skynet.lua:632: in upvalue 'f'
	./lualib/skynet.lua:104: in function <./lualib/skynet.lua:103>
[:01000004] [116-5-16 13-23-43]KILL self
[:01000001] [116-5-16 13-25-52]LAUNCH catlogger catu
[:01000002] [116-5-16 13-25-52]LAUNCH snlua bootstrap
[:01000003] [116-5-16 13-25-52]LAUNCH snlua launcher
[:01000004] [116-5-16 13-25-52]LAUNCH snlua cmaster
